<?xml version="1.0" encoding="UTF-8"?>
<!-- Generated by org.testng.reporters.JUnitReportReporter -->
<testsuite hostname="DESKTOP-81KDB76" failures="0" tests="1" name="Test.AddToCartTest" time="1.441" errors="0" timestamp="2021-12-09T18:45:07 IST" skipped="0">
  <testcase classname="Test.AddToCartTest" name="homePageAdd" time="1.441"/>
  <system-out/>
</testsuite> <!-- Test.AddToCartTest -->
